10.100.10.171
10.105.41.13
10.106.16.6
adolf
alstor
amund
aristoteles
bakers
bellagio
bill
blotsven-mgmt
brantevik
brora
bruegel-mgmt
carlsberg
columbus
copiad
cvstn60
cvstn61
eleazar
emund
fabritius-mgmt
focus-mgmt
garden
glenfoyle
gustaf
hilton
hoogstraten-mgmt
ior
jamin
juba
kirk
kracovie
laforge
lemon-mgmt
lenvik
linkwood
livingstone
lysholmer-mgmt
napoletano
nova
olvi
oskar
parsley01-mgmt
parsley02-mgmt
parsley03-mgmt
parsley12-mgmt
permit
pluto
puh
radisson
reisen
rembrandt-mgmt
riverton
rubens-mgmt
samcougar
sokrates
solborg
spendrups
stanley
thyme01-mgmt
thyme02-mgmt
thyme03-mgmt
thyme14-mgmt
tromb
velde-mgmt
wildturkey
xenocrates
